Temp/gradleOut/launcher/build/outputs/logs/manifest-merger-debug-report.txt
-- Merging decision tree log ---
manifest
ADDED from src/main/AndroidManifest.xml:3:1-10:12
INJECTED from src/main/AndroidManifest.xml:3:1-10:12
INJECTED from src/main/AndroidManifest.xml:3:1-10:12
INJECTED from src/main/AndroidManifest.xml:3:1-10:12
MERGED from [:unityLibrary] AndroidManifest.xml:3:1-65:12
MERGED from [:UnityAds:] AndroidManifest.xml:2:1-37:12
MERGED from [:UnityAdsAndroidPlugin:] AndroidManifest.xml:2:1-11:12
INJECTED from src/main/AndroidManifest.xml:3:1-10:12
INJECTED from src/main/AndroidManifest.xml:3:1-10:12
INJECTED from src/main/AndroidManifest.xml:3:1-10:12
	package
		ADDED from src/main/AndroidManifest.xml:3:70-106
		INJECTED from src/main/AndroidManifest.xml
		INJECTED from src/main/AndroidManifest.xml
	android:versionName
		INJECTED from src/main/AndroidManifest.xml
		ADDED from src/main/AndroidManifest.xml:3:1-10:12
		INJECTED from src/main/AndroidManifest.xml
	xmlns:tools
		ADDED from src/main/AndroidManifest.xml:3:107-153
	android:versionCode
		INJECTED from src/main/AndroidManifest.xml
		ADDED from src/main/AndroidManifest.xml:3:1-10:12
		INJECTED from src/main/AndroidManifest.xml
	xmlns:android
		ADDED from src/main/AndroidManifest.xml:3:11-69
	android:installLocation
		ADDED from src/main/AndroidManifest.xml:3:154-194
supports-screens
ADDED from src/main/AndroidManifest.xml:4:3-163
	android:largeScreens
		ADDED from src/main/AndroidManifest.xml:4:78-105
	android:smallScreens
		ADDED from src/main/AndroidManifest.xml:4:21-48
	android:normalScreens
		ADDED from src/main/AndroidManifest.xml:4:49-77
	android:xlargeScreens
		ADDED from src/main/AndroidManifest.xml:4:106-134
	android:anyDensity
		ADDED from src/main/AndroidManifest.xml:4:135-160
application
ADDED from src/main/AndroidManifest.xml:5:3-7:17
MERGED from [:unityLibrary] AndroidManifest.xml:35:5-63:19
MERGED from [:unityLibrary] AndroidManifest.xml:35:5-63:19
MERGED from [:UnityAds:] AndroidManifest.xml:14:5-35:19
MERGED from [:UnityAds:] AndroidManifest.xml:14:5-35:19
	android:label
		ADDED from src/main/AndroidManifest.xml:5:16-48
	android:icon
		ADDED from src/main/AndroidManifest.xml:5:49-80
meta-data#unity.builder
ADDED from src/main/AndroidManifest.xml:6:5-79
	android:value
		ADDED from src/main/AndroidManifest.xml:6:45-76
	android:name
		ADDED from src/main/AndroidManifest.xml:6:16-44
uses-permission#android.permission.ACCESS_NETWORK_STATE
ADDED from src/main/AndroidManifest.xml:8:3-77
MERGED from [:UnityAds:] AndroidManifest.xml:11:5-79
MERGED from [:UnityAds:] AndroidManifest.xml:11:5-79
	android:name
		ADDED from src/main/AndroidManifest.xml:8:20-74
uses-permission#android.permission.INTERNET
ADDED from src/main/AndroidManifest.xml:9:3-65
MERGED from [:unityLibrary] AndroidManifest.xml:15:5-67
MERGED from [:unityLibrary] AndroidManifest.xml:15:5-67
MERGED from [:UnityAds:] AndroidManifest.xml:12:5-67
MERGED from [:UnityAds:] AndroidManifest.xml:12:5-67
	android:name
		ADDED from src/main/AndroidManifest.xml:9:20-62
uses-sdk
INJECTED from src/main/AndroidManifest.xml reason: use-sdk injection requested
INJECTED from src/main/AndroidManifest.xml
INJECTED from src/main/AndroidManifest.xml
MERGED from [:unityLibrary] AndroidManifest.xml:9:5-11:41
MERGED from [:unityLibrary] AndroidManifest.xml:9:5-11:41
MERGED from [:UnityAds:] AndroidManifest.xml:7:5-9:41
MERGED from [:UnityAds:] AndroidManifest.xml:7:5-9:41
MERGED from [:UnityAdsAndroidPlugin:] AndroidManifest.xml:7:5-9:41
MERGED from [:UnityAdsAndroidPlugin:] AndroidManifest.xml:7:5-9:41
INJECTED from src/main/AndroidManifest.xml
INJECTED from src/main/AndroidManifest.xml
	android:targetSdkVersion
		INJECTED from src/main/AndroidManifest.xml
		ADDED from src/main/AndroidManifest.xml
		INJECTED from src/main/AndroidManifest.xml
	android:minSdkVersion
		INJECTED from src/main/AndroidManifest.xml
		ADDED from src/main/AndroidManifest.xml
		INJECTED from src/main/AndroidManifest.xml
uses-feature#0x00020000
ADDED from [:unityLibrary] AndroidManifest.xml:13:5-54
	android:glEsVersion
		ADDED from [:unityLibrary] AndroidManifest.xml:13:19-51
uses-permission#android.permission.CHANGE_WIFI_MULTICAST_STATE
ADDED from [:unityLibrary] AndroidManifest.xml:16:5-86
	android:name
		ADDED from [:unityLibrary] AndroidManifest.xml:16:22-83
uses-permission#android.permission.ACCESS_FINE_LOCATION
ADDED from [:unityLibrary] AndroidManifest.xml:17:5-79
	android:name
		ADDED from [:unityLibrary] AndroidManifest.xml:17:22-76
uses-feature#android.hardware.location.gps
ADDED from [:unityLibrary] AndroidManifest.xml:19:5-21:36
	android:required
		ADDED from [:unityLibrary] AndroidManifest.xml:21:9-33
	android:name
		ADDED from [:unityLibrary] AndroidManifest.xml:20:9-53
uses-feature#android.hardware.location
ADDED from [:unityLibrary] AndroidManifest.xml:22:5-24:36
	android:required
		ADDED from [:unityLibrary] AndroidManifest.xml:24:9-33
	android:name
		ADDED from [:unityLibrary] AndroidManifest.xml:23:9-49
uses-feature#android.hardware.touchscreen
ADDED from [:unityLibrary] AndroidManifest.xml:25:5-27:36
	android:required
		ADDED from [:unityLibrary] AndroidManifest.xml:27:9-33
	android:name
		ADDED from [:unityLibrary] AndroidManifest.xml:26:9-52
uses-feature#android.hardware.touchscreen.multitouch
ADDED from [:unityLibrary] AndroidManifest.xml:28:5-30:36
	android:required
		ADDED from [:unityLibrary] AndroidManifest.xml:30:9-33
	android:name
		ADDED from [:unityLibrary] AndroidManifest.xml:29:9-63
uses-feature#android.hardware.touchscreen.multitouch.distinct
ADDED from [:unityLibrary] AndroidManifest.xml:31:5-33:36
	android:required
		ADDED from [:unityLibrary] AndroidManifest.xml:33:9-33
	android:name
		ADDED from [:unityLibrary] AndroidManifest.xml:32:9-72
activity#com.unity3d.player.UnityPlayerActivity
ADDED from [:unityLibrary] AndroidManifest.xml:36:9-52:20
	android:screenOrientation
		ADDED from [:unityLibrary] AndroidManifest.xml:41:13-50
	android:launchMode
		ADDED from [:unityLibrary] AndroidManifest.xml:40:13-44
	android:hardwareAccelerated
		ADDED from [:unityLibrary] AndroidManifest.xml:39:13-48
	android:configChanges
		ADDED from [:unityLibrary] AndroidManifest.xml:38:13-194
	android:theme
		ADDED from [:unityLibrary] AndroidManifest.xml:42:13-54
	android:name
		ADDED from [:unityLibrary] AndroidManifest.xml:37:13-66
intent-filter#action:name:android.intent.action.MAIN+category:name:android.intent.category.LAUNCHER
ADDED from [:unityLibrary] AndroidManifest.xml:43:13-47:29
action#android.intent.action.MAIN
ADDED from [:unityLibrary] AndroidManifest.xml:44:17-69
	android:name
		ADDED from [:unityLibrary] AndroidManifest.xml:44:25-66
category#android.intent.category.LAUNCHER
ADDED from [:unityLibrary] AndroidManifest.xml:46:17-77
	android:name
		ADDED from [:unityLibrary] AndroidManifest.xml:46:27-74
meta-data#unityplayer.UnityActivity
ADDED from [:unityLibrary] AndroidManifest.xml:49:13-51:40
	android:value
		ADDED from [:unityLibrary] AndroidManifest.xml:51:17-37
	android:name
		ADDED from [:unityLibrary] AndroidManifest.xml:50:17-57
meta-data#unity.splash-mode
ADDED from [:unityLibrary] AndroidManifest.xml:54:9-56:33
	android:value
		ADDED from [:unityLibrary] AndroidManifest.xml:56:13-30
	android:name
		ADDED from [:unityLibrary] AndroidManifest.xml:55:13-45
meta-data#unity.splash-enable
ADDED from [:unityLibrary] AndroidManifest.xml:57:9-59:36
	android:value
		ADDED from [:unityLibrary] AndroidManifest.xml:59:13-33
	android:name
		ADDED from [:unityLibrary] AndroidManifest.xml:58:13-47
meta-data#unity.build-id
ADDED from [:unityLibrary] AndroidManifest.xml:60:9-62:68
	android:value
		ADDED from [:unityLibrary] AndroidManifest.xml:62:13-65
	android:name
		ADDED from [:unityLibrary] AndroidManifest.xml:61:13-42
activity#com.unity3d.services.ads.adunit.AdUnitActivity
ADDED from [:UnityAds:] AndroidManifest.xml:15:9-19:74
	android:hardwareAccelerated
		ADDED from [:UnityAds:] AndroidManifest.xml:18:13-47
	android:configChanges
		ADDED from [:UnityAds:] AndroidManifest.xml:17:13-170
	android:theme
		ADDED from [:UnityAds:] AndroidManifest.xml:19:13-71
	android:name
		ADDED from [:UnityAds:] AndroidManifest.xml:16:13-74
activity#com.unity3d.services.ads.adunit.AdUnitTransparentActivity
ADDED from [:UnityAds:] AndroidManifest.xml:20:9-24:86
	android:hardwareAccelerated
		ADDED from [:UnityAds:] AndroidManifest.xml:23:13-47
	android:configChanges
		ADDED from [:UnityAds:] AndroidManifest.xml:22:13-170
	android:theme
		ADDED from [:UnityAds:] AndroidManifest.xml:24:13-83
	android:name
		ADDED from [:UnityAds:] AndroidManifest.xml:21:13-85
activity#com.unity3d.services.ads.adunit.AdUnitTransparentSoftwareActivity
ADDED from [:UnityAds:] AndroidManifest.xml:25:9-29:86
	android:hardwareAccelerated
		ADDED from [:UnityAds:] AndroidManifest.xml:28:13-48
	android:configChanges
		ADDED from [:UnityAds:] AndroidManifest.xml:27:13-170
	android:theme
		ADDED from [:UnityAds:] AndroidManifest.xml:29:13-83
	android:name
		ADDED from [:UnityAds:] AndroidManifest.xml:26:13-93
activity#com.unity3d.services.ads.adunit.AdUnitSoftwareActivity
ADDED from [:UnityAds:] AndroidManifest.xml:30:9-34:74
	android:hardwareAccelerated
		ADDED from [:UnityAds:] AndroidManifest.xml:33:13-48
	android:configChanges
		ADDED from [:UnityAds:] AndroidManifest.xml:32:13-170
	android:theme
		ADDED from [:UnityAds:] AndroidManifest.xml:34:13-71
	android:name
		ADDED from [:UnityAds:] AndroidManifest.xml:31:13-82